[2025-06-28 03:37:30,040: INFO: common: yaml file: config\config.yaml loaded successfully]
[2025-06-28 03:38:16,499: INFO: common: yaml file: config\config.yaml loaded successfully]
[2025-06-28 03:38:16,500: INFO: common: yaml file: params.yaml loaded successfully]
[2025-06-28 03:40:13,056: INFO: common: yaml file: config\config.yaml loaded successfully]
[2025-06-28 03:40:18,049: INFO: common: yaml file: config\config.yaml loaded successfully]
[2025-06-28 03:40:18,050: INFO: common: yaml file: params.yaml loaded successfully]
[2025-06-28 03:40:51,181: INFO: common: yaml file: config\config.yaml loaded successfully]
[2025-06-28 03:42:49,434: INFO: common: yaml file: config\config.yaml loaded successfully]
[2025-06-28 03:42:49,435: INFO: common: yaml file: params.yaml loaded successfully]
[2025-06-28 03:45:50,937: INFO: common: yaml file: config\config.yaml loaded successfully]
[2025-06-28 03:45:50,939: INFO: common: yaml file: params.yaml loaded successfully]
[2025-06-28 03:46:04,446: INFO: common: yaml file: config\config.yaml loaded successfully]
[2025-06-28 03:46:53,564: INFO: common: yaml file: config\config.yaml loaded successfully]
[2025-06-28 03:46:53,566: INFO: common: yaml file: params.yaml loaded successfully]
[2025-06-28 03:47:10,534: INFO: common: yaml file: config\config.yaml loaded successfully]
[2025-06-28 03:47:10,536: INFO: common: yaml file: config\config.yaml loaded successfully]
[2025-06-28 03:47:10,537: INFO: common: yaml file: params.yaml loaded successfully]
[2025-06-28 03:47:35,181: INFO: common: yaml file: config\config.yaml loaded successfully]
[2025-06-28 03:47:44,221: INFO: common: yaml file: config\config.yaml loaded successfully]
[2025-06-28 03:47:56,364: INFO: common: yaml file: config\config.yaml loaded successfully]
[2025-06-28 03:48:09,405: INFO: common: yaml file: config\config.yaml loaded successfully]
[2025-06-28 03:48:30,179: INFO: common: yaml file: config\config.yaml loaded successfully]
[2025-06-28 03:48:37,830: INFO: common: yaml file: config\config.yaml loaded successfully]
[2025-06-28 03:49:05,018: INFO: common: yaml file: config\config.yaml loaded successfully]
[2025-06-28 03:49:05,019: INFO: common: yaml file: params.yaml loaded successfully]
[2025-06-28 03:49:22,545: INFO: common: yaml file: config\config.yaml loaded successfully]
[2025-06-28 03:49:22,546: INFO: common: yaml file: params.yaml loaded successfully]
[2025-06-28 03:49:45,945: INFO: common: yaml file: config\config.yaml loaded successfully]
[2025-06-28 03:49:45,947: INFO: common: yaml file: params.yaml loaded successfully]
[2025-06-28 03:49:45,948: INFO: common: Created Directory at: artifacts]
[2025-06-28 03:51:35,288: INFO: common: yaml file: config\config.yaml loaded successfully]
[2025-06-28 03:51:35,289: INFO: common: yaml file: params.yaml loaded successfully]
[2025-06-28 03:51:35,290: INFO: common: Created Directory at: artifacts]
[2025-06-28 04:05:14,594: INFO: common: yaml file: config\config.yaml loaded successfully]
[2025-06-28 04:05:14,596: INFO: common: yaml file: params.yaml loaded successfully]
[2025-06-28 04:05:14,597: INFO: common: Created Directory at: artifacts]
[2025-06-28 04:05:14,599: INFO: common: Created Directory at: artifacts/data_ingestion]
[2025-06-28 04:05:19,280: INFO: 3276253235: artifacts/data_ingestion/data.zip has been downloaded successfully]
[2025-06-29 18:49:32,615: INFO: common: yaml file: config\config.yaml loaded successfully]
[2025-06-29 18:49:50,898: INFO: common: yaml file: config\config.yaml loaded successfully]
[2025-06-29 18:49:50,911: INFO: common: yaml file: params.yaml loaded successfully]
[2025-06-29 18:49:50,913: INFO: common: Created Directory at: artifacts]
[2025-06-29 18:49:50,914: INFO: common: Created Directory at: artifacts/data_ingestion]
[2025-06-29 18:49:50,916: INFO: 3276253235: File already exists]
